<?xml version="1.0" encoding="UTF-8"?>
<testsuite name="net.imanbayli.service.implementation.BookServiceImplTest" tests="1" skipped="0" failures="0" errors="0" timestamp="2021-12-09T23:18:38" hostname="Murads-MacBook-Pro.local" time="0.078">
  <properties/>
  <testcase name="test_addBook_Success()" classname="net.imanbayli.service.implementation.BookServiceImplTest" time="0.078"/>
  <system-out><![CDATA[2021-12-10 03:18:39.021  INFO 16616 --- [    Test worker] n.i.s.implementation.BookServiceImpl     : Book saved with id=null 
]]></system-out>
  <system-err><![CDATA[]]></system-err>
</testsuite>
